   1                             		.file	"app_version.c"
   2                             		.section P,"ax"
   3                             	.Ltext0:
   4                             		.global	_app_version
   5                             		.section	.version,"a",@progbits
   8                             	_app_version:
   9 0000 4F 70 74 69 63 6F 6E 20 		.string	"Opticon 1.0"
   9      31 2E 30 00 
  10                             		.section P,"ax"
  11                             	.Letext0:
  12                             		.file 1 "SOURCES/app_version.c"
DEFINED SYMBOLS
                            *ABS*:00000000 app_version.c
C:\Users\willem\AppData\Local\Temp\ccLVNYu7.s:8      .version:00000000 _app_version
                    .debug_abbrev:00000000 .Ldebug_abbrev0
                       .debug_str:00000015 .LASF2
                       .debug_str:0000004c .LASF3
                       .debug_str:0000002c .LASF4
                      .debug_line:00000000 .Ldebug_line0
                       .debug_str:0000000c .LASF0
                       .debug_str:00000062 .LASF1
                       .debug_str:00000000 .LASF5
                      .debug_info:00000000 .Ldebug_info0

NO UNDEFINED SYMBOLS
